[ERROR] COMPILATION ERROR : 
[ERROR] /home/tw/IdeaProjects/jakartaee-petclinic/src/main/java/org/woehlke/jakartaee/petclinic/oodm/entities/PetType.java:[53,2] cannot find symbol
  symbol: class XmlRootElement
[ERROR] /home/tw/IdeaProjects/jakartaee-petclinic/src/main/java/org/woehlke/jakartaee/petclinic/oodm/entities/PetType.java:[56,2] cannot find symbol
  symbol: class XmlType
[ERROR] /home/tw/IdeaProjects/jakartaee-petclinic/src/main/java/org/woehlke/jakartaee/petclinic/oodm/entities/PetType.java:[63,2] cannot find symbol
  symbol: class XmlAccessorType
[ERROR] /home/tw/IdeaProjects/jakartaee-petclinic/src/main/java/org/woehlke/jakartaee/petclinic/oodm/entities/PetType.java:[13,1] package javax.xml.bind.annotation does not exist
[ERROR] /home/tw/IdeaProjects/jakartaee-petclinic/src/main/java/org/woehlke/jakartaee/petclinic/oodm/entities/Visit.java:[57,2] cannot find symbol
  symbol: class XmlRootElement
[ERROR] /home/tw/IdeaProjects/jakartaee-petclinic/src/main/java/org/woehlke/jakartaee/petclinic/oodm/entities/Visit.java:[58,2] cannot find symbol
  symbol: class XmlType
[ERROR] /home/tw/IdeaProjects/jakartaee-petclinic/src/main/java/org/woehlke/jakartaee/petclinic/oodm/entities/Visit.java:[65,2] cannot find symbol
  symbol: class XmlAccessorType
[ERROR] /home/tw/IdeaProjects/jakartaee-petclinic/src/main/java/org/woehlke/jakartaee/petclinic/oodm/entities/Pet.java:[56,2] cannot find symbol
  symbol: class XmlRootElement
[ERROR] /home/tw/IdeaProjects/jakartaee-petclinic/src/main/java/org/woehlke/jakartaee/petclinic/oodm/entities/Pet.java:[59,2] cannot find symbol
  symbol: class XmlType
[ERROR] /home/tw/IdeaProjects/jakartaee-petclinic/src/main/java/org/woehlke/jakartaee/petclinic/oodm/entities/Pet.java:[66,2] cannot find symbol
  symbol: class XmlAccessorType
[ERROR] /home/tw/IdeaProjects/jakartaee-petclinic/src/main/java/org/woehlke/jakartaee/petclinic/oodm/entities/Owner.java:[57,2] cannot find symbol
  symbol: class XmlRootElement
[ERROR] /home/tw/IdeaProjects/jakartaee-petclinic/src/main/java/org/woehlke/jakartaee/petclinic/oodm/entities/Owner.java:[60,2] cannot find symbol
  symbol: class XmlType
[ERROR] /home/tw/IdeaProjects/jakartaee-petclinic/src/main/java/org/woehlke/jakartaee/petclinic/oodm/entities/Owner.java:[68,2] cannot find symbol
  symbol: class XmlAccessorType
[ERROR] /home/tw/IdeaProjects/jakartaee-petclinic/src/main/java/org/woehlke/jakartaee/petclinic/oodm/entities/Visit.java:[12,1] package javax.xml.bind.annotation does not exist
[ERROR] /home/tw/IdeaProjects/jakartaee-petclinic/src/main/java/org/woehlke/jakartaee/petclinic/oodm/entities/Pet.java:[13,1] package javax.xml.bind.annotation does not exist
[ERROR] /home/tw/IdeaProjects/jakartaee-petclinic/src/main/java/org/woehlke/jakartaee/petclinic/oodm/entities/Owner.java:[14,1] package javax.xml.bind.annotation does not exist
[ERROR] /home/tw/IdeaProjects/jakartaee-petclinic/src/main/java/org/woehlke/jakartaee/petclinic/oodm/entities/Specialty.java:[53,2] cannot find symbol
  symbol: class XmlRootElement
[ERROR] /home/tw/IdeaProjects/jakartaee-petclinic/src/main/java/org/woehlke/jakartaee/petclinic/oodm/entities/Specialty.java:[54,2] cannot find symbol
  symbol: class XmlType
[ERROR] /home/tw/IdeaProjects/jakartaee-petclinic/src/main/java/org/woehlke/jakartaee/petclinic/oodm/entities/Specialty.java:[61,2] cannot find symbol
  symbol: class XmlAccessorType
[ERROR] /home/tw/IdeaProjects/jakartaee-petclinic/src/main/java/org/woehlke/jakartaee/petclinic/oodm/entities/Specialty.java:[13,1] package javax.xml.bind.annotation does not exist
[ERROR] /home/tw/IdeaProjects/jakartaee-petclinic/src/main/java/org/woehlke/jakartaee/petclinic/oodm/entities/model/SpecialtyList.java:[19,2] cannot find symbol
  symbol: class XmlRootElement
[ERROR] /home/tw/IdeaProjects/jakartaee-petclinic/src/main/java/org/woehlke/jakartaee/petclinic/oodm/entities/model/SpecialtyList.java:[22,2] cannot find symbol
  symbol: class XmlType
[ERROR] /home/tw/IdeaProjects/jakartaee-petclinic/src/main/java/org/woehlke/jakartaee/petclinic/oodm/entities/model/SpecialtyList.java:[29,2] cannot find symbol
  symbol: class XmlAccessorType
[ERROR] /home/tw/IdeaProjects/jakartaee-petclinic/src/main/java/org/woehlke/jakartaee/petclinic/oodm/entities/model/SpecialtyList.java:[7,1] package javax.xml.bind.annotation does not exist
[ERROR] /home/tw/IdeaProjects/jakartaee-petclinic/src/main/java/org/woehlke/jakartaee/petclinic/oodm/entities/Vet.java:[57,2] cannot find symbol
  symbol: class XmlRootElement
[ERROR] /home/tw/IdeaProjects/jakartaee-petclinic/src/main/java/org/woehlke/jakartaee/petclinic/oodm/entities/Vet.java:[60,2] cannot find symbol
  symbol: class XmlType
[ERROR] /home/tw/IdeaProjects/jakartaee-petclinic/src/main/java/org/woehlke/jakartaee/petclinic/oodm/entities/Vet.java:[67,2] cannot find symbol
  symbol: class XmlAccessorType
[ERROR] /home/tw/IdeaProjects/jakartaee-petclinic/src/main/java/org/woehlke/jakartaee/petclinic/oodm/entities/Vet.java:[14,1] package javax.xml.bind.annotation does not exist
[ERROR] /home/tw/IdeaProjects/jakartaee-petclinic/src/main/java/org/woehlke/jakartaee/petclinic/oodm/entities/model/PetTypeList.java:[17,2] cannot find symbol
  symbol: class XmlRootElement
[ERROR] /home/tw/IdeaProjects/jakartaee-petclinic/src/main/java/org/woehlke/jakartaee/petclinic/oodm/entities/model/PetTypeList.java:[20,2] cannot find symbol
  symbol: class XmlType
[ERROR] /home/tw/IdeaProjects/jakartaee-petclinic/src/main/java/org/woehlke/jakartaee/petclinic/oodm/entities/model/PetTypeList.java:[27,2] cannot find symbol
  symbol: class XmlAccessorType
[ERROR] /home/tw/IdeaProjects/jakartaee-petclinic/src/main/java/org/woehlke/jakartaee/petclinic/oodm/entities/model/PetTypeList.java:[6,1] package javax.xml.bind.annotation does not exist
[ERROR] /home/tw/IdeaProjects/jakartaee-petclinic/src/main/java/org/woehlke/jakartaee/petclinic/oodm/entities/model/VetList.java:[25,2] cannot find symbol
  symbol: class XmlRootElement
[ERROR] /home/tw/IdeaProjects/jakartaee-petclinic/src/main/java/org/woehlke/jakartaee/petclinic/oodm/entities/model/VetList.java:[26,2] cannot find symbol
  symbol: class XmlType
[ERROR] /home/tw/IdeaProjects/jakartaee-petclinic/src/main/java/org/woehlke/jakartaee/petclinic/oodm/entities/model/VetList.java:[33,2] cannot find symbol
  symbol: class XmlAccessorType
[ERROR] /home/tw/IdeaProjects/jakartaee-petclinic/src/main/java/org/woehlke/jakartaee/petclinic/oodm/entities/model/VetList.java:[7,1] package javax.xml.bind.annotation does not exist
[ERROR] /home/tw/IdeaProjects/jakartaee-petclinic/src/main/java/org/woehlke/jakartaee/petclinic/oodm/entities/model/VisitList.java:[17,2] cannot find symbol
  symbol: class XmlRootElement
[ERROR] /home/tw/IdeaProjects/jakartaee-petclinic/src/main/java/org/woehlke/jakartaee/petclinic/oodm/entities/model/VisitList.java:[20,2] cannot find symbol
  symbol: class XmlType
[ERROR] /home/tw/IdeaProjects/jakartaee-petclinic/src/main/java/org/woehlke/jakartaee/petclinic/oodm/entities/model/VisitList.java:[27,2] cannot find symbol
  symbol: class XmlAccessorType
[ERROR] /home/tw/IdeaProjects/jakartaee-petclinic/src/main/java/org/woehlke/jakartaee/petclinic/oodm/entities/model/VisitList.java:[6,1] package javax.xml.bind.annotation does not exist
[ERROR] /home/tw/IdeaProjects/jakartaee-petclinic/src/main/java/org/woehlke/jakartaee/petclinic/oodm/entities/model/OwnerList.java:[16,2] cannot find symbol
  symbol: class XmlRootElement
[ERROR] /home/tw/IdeaProjects/jakartaee-petclinic/src/main/java/org/woehlke/jakartaee/petclinic/oodm/entities/model/OwnerList.java:[19,2] cannot find symbol
  symbol: class XmlType
[ERROR] /home/tw/IdeaProjects/jakartaee-petclinic/src/main/java/org/woehlke/jakartaee/petclinic/oodm/entities/model/OwnerList.java:[26,2] cannot find symbol
  symbol: class XmlAccessorType
[ERROR] /home/tw/IdeaProjects/jakartaee-petclinic/src/main/java/org/woehlke/jakartaee/petclinic/oodm/entities/model/OwnerList.java:[6,1] package javax.xml.bind.annotation does not exist
[ERROR] /home/tw/IdeaProjects/jakartaee-petclinic/src/main/java/org/woehlke/jakartaee/petclinic/oodm/entities/model/PetList.java:[18,2] cannot find symbol
  symbol: class XmlRootElement
[ERROR] /home/tw/IdeaProjects/jakartaee-petclinic/src/main/java/org/woehlke/jakartaee/petclinic/oodm/entities/model/PetList.java:[21,2] cannot find symbol
  symbol: class XmlType
[ERROR] /home/tw/IdeaProjects/jakartaee-petclinic/src/main/java/org/woehlke/jakartaee/petclinic/oodm/entities/model/PetList.java:[28,2] cannot find symbol
  symbol: class XmlAccessorType
[ERROR] /home/tw/IdeaProjects/jakartaee-petclinic/src/main/java/org/woehlke/jakartaee/petclinic/oodm/entities/model/PetList.java:[7,1] package javax.xml.bind.annotation does not exist
[ERROR] /home/tw/IdeaProjects/jakartaee-petclinic/src/main/java/org/woehlke/jakartaee/petclinic/oodm/entities/PetType.java:[63,18] cannot find symbol
  symbol: variable XmlAccessType
[ERROR] /home/tw/IdeaProjects/jakartaee-petclinic/src/main/java/org/woehlke/jakartaee/petclinic/oodm/entities/PetType.java:[73,4] cannot find symbol
  symbol:   class XmlElement
  location: class org.woehlke.jakartaee.petclinic.oodm.entities.PetType
[ERROR] /home/tw/IdeaProjects/jakartaee-petclinic/src/main/java/org/woehlke/jakartaee/petclinic/oodm/entities/PetType.java:[77,4] cannot find symbol
  symbol:   class XmlElement
  location: class org.woehlke.jakartaee.petclinic.oodm.entities.PetType
[ERROR] /home/tw/IdeaProjects/jakartaee-petclinic/src/main/java/org/woehlke/jakartaee/petclinic/oodm/entities/PetType.java:[87,4] cannot find symbol
  symbol:   class XmlElement
  location: class org.woehlke.jakartaee.petclinic.oodm.entities.PetType
[ERROR] /home/tw/IdeaProjects/jakartaee-petclinic/src/main/java/org/woehlke/jakartaee/petclinic/oodm/entities/Visit.java:[65,18] cannot find symbol
  symbol: variable XmlAccessType
[ERROR] /home/tw/IdeaProjects/jakartaee-petclinic/src/main/java/org/woehlke/jakartaee/petclinic/oodm/entities/Visit.java:[77,4] cannot find symbol
  symbol:   class XmlElement
  location: class org.woehlke.jakartaee.petclinic.oodm.entities.Visit
[ERROR] /home/tw/IdeaProjects/jakartaee-petclinic/src/main/java/org/woehlke/jakartaee/petclinic/oodm/entities/Visit.java:[83,4] cannot find symbol
  symbol:   class XmlElement
  location: class org.woehlke.jakartaee.petclinic.oodm.entities.Visit
[ERROR] /home/tw/IdeaProjects/jakartaee-petclinic/src/main/java/org/woehlke/jakartaee/petclinic/oodm/entities/Visit.java:[87,4] cannot find symbol
  symbol:   class XmlElement
  location: class org.woehlke.jakartaee.petclinic.oodm.entities.Visit
[ERROR] /home/tw/IdeaProjects/jakartaee-petclinic/src/main/java/org/woehlke/jakartaee/petclinic/oodm/entities/Visit.java:[97,4] cannot find symbol
  symbol:   class XmlElement
  location: class org.woehlke.jakartaee.petclinic.oodm.entities.Visit
[ERROR] /home/tw/IdeaProjects/jakartaee-petclinic/src/main/java/org/woehlke/jakartaee/petclinic/oodm/entities/Pet.java:[66,18] cannot find symbol
  symbol: variable XmlAccessType
[ERROR] /home/tw/IdeaProjects/jakartaee-petclinic/src/main/java/org/woehlke/jakartaee/petclinic/oodm/entities/Visit.java:[106,4] cannot find symbol
  symbol:   class XmlTransient
  location: class org.woehlke.jakartaee.petclinic.oodm.entities.Visit
[ERROR] /home/tw/IdeaProjects/jakartaee-petclinic/src/main/java/org/woehlke/jakartaee/petclinic/oodm/entities/Pet.java:[79,4] cannot find symbol
  symbol:   class XmlElement
  location: class org.woehlke.jakartaee.petclinic.oodm.entities.Pet
[ERROR] /home/tw/IdeaProjects/jakartaee-petclinic/src/main/java/org/woehlke/jakartaee/petclinic/oodm/entities/Pet.java:[85,4] cannot find symbol
  symbol:   class XmlElement
  location: class org.woehlke.jakartaee.petclinic.oodm.entities.Pet
[ERROR] /home/tw/IdeaProjects/jakartaee-petclinic/src/main/java/org/woehlke/jakartaee/petclinic/oodm/entities/Pet.java:[89,4] cannot find symbol
  symbol:   class XmlElement
  location: class org.woehlke.jakartaee.petclinic.oodm.entities.Pet
[ERROR] /home/tw/IdeaProjects/jakartaee-petclinic/src/main/java/org/woehlke/jakartaee/petclinic/oodm/entities/Pet.java:[100,4] cannot find symbol
  symbol:   class XmlElement
  location: class org.woehlke.jakartaee.petclinic.oodm.entities.Pet
[ERROR] /home/tw/IdeaProjects/jakartaee-petclinic/src/main/java/org/woehlke/jakartaee/petclinic/oodm/entities/Pet.java:[111,4] cannot find symbol
  symbol:   class XmlElement
  location: class org.woehlke.jakartaee.petclinic.oodm.entities.Pet
[ERROR] /home/tw/IdeaProjects/jakartaee-petclinic/src/main/java/org/woehlke/jakartaee/petclinic/oodm/entities/Owner.java:[68,18] cannot find symbol
  symbol: variable XmlAccessType
[ERROR] /home/tw/IdeaProjects/jakartaee-petclinic/src/main/java/org/woehlke/jakartaee/petclinic/oodm/entities/Pet.java:[117,4] cannot find symbol
  symbol:   class XmlTransient
  location: class org.woehlke.jakartaee.petclinic.oodm.entities.Pet
[ERROR] /home/tw/IdeaProjects/jakartaee-petclinic/src/main/java/org/woehlke/jakartaee/petclinic/oodm/entities/Pet.java:[123,4] cannot find symbol
  symbol:   class XmlElementWrapper
  location: class org.woehlke.jakartaee.petclinic.oodm.entities.Pet
[ERROR] /home/tw/IdeaProjects/jakartaee-petclinic/src/main/java/org/woehlke/jakartaee/petclinic/oodm/entities/Pet.java:[124,4] cannot find symbol
  symbol:   class XmlElement
  location: class org.woehlke.jakartaee.petclinic.oodm.entities.Pet
[ERROR] /home/tw/IdeaProjects/jakartaee-petclinic/src/main/java/org/woehlke/jakartaee/petclinic/oodm/entities/Owner.java:[85,4] cannot find symbol
  symbol:   class XmlElement
  location: class org.woehlke.jakartaee.petclinic.oodm.entities.Owner
[ERROR] /home/tw/IdeaProjects/jakartaee-petclinic/src/main/java/org/woehlke/jakartaee/petclinic/oodm/entities/Owner.java:[89,4] cannot find symbol
  symbol:   class XmlElement
  location: class org.woehlke.jakartaee.petclinic.oodm.entities.Owner
[ERROR] /home/tw/IdeaProjects/jakartaee-petclinic/src/main/java/org/woehlke/jakartaee/petclinic/oodm/entities/Owner.java:[98,4] cannot find symbol
  symbol:   class XmlElement
  location: class org.woehlke.jakartaee.petclinic.oodm.entities.Owner
[ERROR] /home/tw/IdeaProjects/jakartaee-petclinic/src/main/java/org/woehlke/jakartaee/petclinic/oodm/entities/Owner.java:[108,4] cannot find symbol
  symbol:   class XmlElement
  location: class org.woehlke.jakartaee.petclinic.oodm.entities.Owner
[ERROR] /home/tw/IdeaProjects/jakartaee-petclinic/src/main/java/org/woehlke/jakartaee/petclinic/oodm/entities/Owner.java:[118,4] cannot find symbol
  symbol:   class XmlElement
  location: class org.woehlke.jakartaee.petclinic.oodm.entities.Owner
[ERROR] /home/tw/IdeaProjects/jakartaee-petclinic/src/main/java/org/woehlke/jakartaee/petclinic/oodm/entities/Owner.java:[128,4] cannot find symbol
  symbol:   class XmlElement
  location: class org.woehlke.jakartaee.petclinic.oodm.entities.Owner
[ERROR] /home/tw/IdeaProjects/jakartaee-petclinic/src/main/java/org/woehlke/jakartaee/petclinic/oodm/entities/Owner.java:[138,4] cannot find symbol
  symbol:   class XmlElement
  location: class org.woehlke.jakartaee.petclinic.oodm.entities.Owner
[ERROR] /home/tw/IdeaProjects/jakartaee-petclinic/src/main/java/org/woehlke/jakartaee/petclinic/oodm/entities/Owner.java:[148,4] cannot find symbol
  symbol:   class XmlElement
  location: class org.woehlke.jakartaee.petclinic.oodm.entities.Owner
[ERROR] /home/tw/IdeaProjects/jakartaee-petclinic/src/main/java/org/woehlke/jakartaee/petclinic/oodm/entities/Owner.java:[158,4] cannot find symbol
  symbol:   class XmlElement
  location: class org.woehlke.jakartaee.petclinic.oodm.entities.Owner
[ERROR] /home/tw/IdeaProjects/jakartaee-petclinic/src/main/java/org/woehlke/jakartaee/petclinic/oodm/entities/Owner.java:[170,4] cannot find symbol
  symbol:   class XmlElement
  location: class org.woehlke.jakartaee.petclinic.oodm.entities.Owner
[ERROR] /home/tw/IdeaProjects/jakartaee-petclinic/src/main/java/org/woehlke/jakartaee/petclinic/oodm/entities/Owner.java:[178,4] cannot find symbol
  symbol:   class XmlElementWrapper
  location: class org.woehlke.jakartaee.petclinic.oodm.entities.Owner
[ERROR] /home/tw/IdeaProjects/jakartaee-petclinic/src/main/java/org/woehlke/jakartaee/petclinic/oodm/entities/Owner.java:[179,4] cannot find symbol
  symbol:   class XmlElement
  location: class org.woehlke.jakartaee.petclinic.oodm.entities.Owner
[ERROR] /home/tw/IdeaProjects/jakartaee-petclinic/src/main/java/org/woehlke/jakartaee/petclinic/oodm/entities/Specialty.java:[61,18] cannot find symbol
  symbol: variable XmlAccessType
[ERROR] /home/tw/IdeaProjects/jakartaee-petclinic/src/main/java/org/woehlke/jakartaee/petclinic/oodm/entities/Specialty.java:[71,4] cannot find symbol
  symbol:   class XmlElement
  location: class org.woehlke.jakartaee.petclinic.oodm.entities.Specialty
[ERROR] /home/tw/IdeaProjects/jakartaee-petclinic/src/main/java/org/woehlke/jakartaee/petclinic/oodm/entities/Specialty.java:[75,4] cannot find symbol
  symbol:   class XmlElement
  location: class org.woehlke.jakartaee.petclinic.oodm.entities.Specialty
[ERROR] /home/tw/IdeaProjects/jakartaee-petclinic/src/main/java/org/woehlke/jakartaee/petclinic/oodm/entities/Specialty.java:[85,4] cannot find symbol
  symbol:   class XmlElement
  location: class org.woehlke.jakartaee.petclinic.oodm.entities.Specialty
[ERROR] /home/tw/IdeaProjects/jakartaee-petclinic/src/main/java/org/woehlke/jakartaee/petclinic/oodm/entities/model/SpecialtyList.java:[29,18] cannot find symbol
  symbol: variable XmlAccessType
[ERROR] /home/tw/IdeaProjects/jakartaee-petclinic/src/main/java/org/woehlke/jakartaee/petclinic/oodm/entities/model/SpecialtyList.java:[34,4] cannot find symbol
  symbol:   class XmlElement
  location: class org.woehlke.jakartaee.petclinic.oodm.entities.model.SpecialtyList
[ERROR] /home/tw/IdeaProjects/jakartaee-petclinic/src/main/java/org/woehlke/jakartaee/petclinic/oodm/entities/Vet.java:[67,18] cannot find symbol
  symbol: variable XmlAccessType
[ERROR] /home/tw/IdeaProjects/jakartaee-petclinic/src/main/java/org/woehlke/jakartaee/petclinic/oodm/entities/Vet.java:[83,4] cannot find symbol
  symbol:   class XmlElement
  location: class org.woehlke.jakartaee.petclinic.oodm.entities.Vet
[ERROR] /home/tw/IdeaProjects/jakartaee-petclinic/src/main/java/org/woehlke/jakartaee/petclinic/oodm/entities/Vet.java:[87,4] cannot find symbol
  symbol:   class XmlElement
  location: class org.woehlke.jakartaee.petclinic.oodm.entities.Vet
[ERROR] /home/tw/IdeaProjects/jakartaee-petclinic/src/main/java/org/woehlke/jakartaee/petclinic/oodm/entities/Vet.java:[97,4] cannot find symbol
  symbol:   class XmlElement
  location: class org.woehlke.jakartaee.petclinic.oodm.entities.Vet
[ERROR] /home/tw/IdeaProjects/jakartaee-petclinic/src/main/java/org/woehlke/jakartaee/petclinic/oodm/entities/Vet.java:[107,4] cannot find symbol
  symbol:   class XmlElement
  location: class org.woehlke.jakartaee.petclinic.oodm.entities.Vet
[ERROR] /home/tw/IdeaProjects/jakartaee-petclinic/src/main/java/org/woehlke/jakartaee/petclinic/oodm/entities/Vet.java:[117,4] cannot find symbol
  symbol:   class XmlElementWrapper
  location: class org.woehlke.jakartaee.petclinic.oodm.entities.Vet
[ERROR] /home/tw/IdeaProjects/jakartaee-petclinic/src/main/java/org/woehlke/jakartaee/petclinic/oodm/entities/Vet.java:[118,4] cannot find symbol
  symbol:   class XmlElement
  location: class org.woehlke.jakartaee.petclinic.oodm.entities.Vet
[ERROR] /home/tw/IdeaProjects/jakartaee-petclinic/src/main/java/org/woehlke/jakartaee/petclinic/oodm/entities/model/PetTypeList.java:[27,18] cannot find symbol
  symbol: variable XmlAccessType
[ERROR] /home/tw/IdeaProjects/jakartaee-petclinic/src/main/java/org/woehlke/jakartaee/petclinic/oodm/entities/model/PetTypeList.java:[32,4] cannot find symbol
  symbol:   class XmlElement
  location: class org.woehlke.jakartaee.petclinic.oodm.entities.model.PetTypeList
[ERROR] /home/tw/IdeaProjects/jakartaee-petclinic/src/main/java/org/woehlke/jakartaee/petclinic/oodm/entities/model/VetList.java:[33,18] cannot find symbol
  symbol: variable XmlAccessType
[ERROR] /home/tw/IdeaProjects/jakartaee-petclinic/src/main/java/org/woehlke/jakartaee/petclinic/oodm/entities/model/VetList.java:[38,4] cannot find symbol
  symbol:   class XmlElement
  location: class org.woehlke.jakartaee.petclinic.oodm.entities.model.VetList
[ERROR] /home/tw/IdeaProjects/jakartaee-petclinic/src/main/java/org/woehlke/jakartaee/petclinic/oodm/entities/model/VisitList.java:[27,18] cannot find symbol
  symbol: variable XmlAccessType
[ERROR] /home/tw/IdeaProjects/jakartaee-petclinic/src/main/java/org/woehlke/jakartaee/petclinic/oodm/entities/model/VisitList.java:[32,4] cannot find symbol
  symbol:   class XmlElement
  location: class org.woehlke.jakartaee.petclinic.oodm.entities.model.VisitList
[ERROR] /home/tw/IdeaProjects/jakartaee-petclinic/src/main/java/org/woehlke/jakartaee/petclinic/oodm/entities/model/OwnerList.java:[26,18] cannot find symbol
  symbol: variable XmlAccessType
[ERROR] Failed to execute goal org.apache.maven.plugins:maven-compiler-plugin:3.8.1:compile (default-compile) on project petclinic: Compilation failure: Compilation failure: 
[ERROR] /home/tw/IdeaProjects/jakartaee-petclinic/src/main/java/org/woehlke/jakartaee/petclinic/oodm/entities/PetType.java:[53,2] cannot find symbol
[ERROR]   symbol: class XmlRootElement
[ERROR] /home/tw/IdeaProjects/jakartaee-petclinic/src/main/java/org/woehlke/jakartaee/petclinic/oodm/entities/PetType.java:[56,2] cannot find symbol
[ERROR]   symbol: class XmlType
[ERROR] /home/tw/IdeaProjects/jakartaee-petclinic/src/main/java/org/woehlke/jakartaee/petclinic/oodm/entities/PetType.java:[63,2] cannot find symbol
[ERROR]   symbol: class XmlAccessorType
[ERROR] /home/tw/IdeaProjects/jakartaee-petclinic/src/main/java/org/woehlke/jakartaee/petclinic/oodm/entities/PetType.java:[13,1] package javax.xml.bind.annotation does not exist
[ERROR] /home/tw/IdeaProjects/jakartaee-petclinic/src/main/java/org/woehlke/jakartaee/petclinic/oodm/entities/Visit.java:[57,2] cannot find symbol
[ERROR]   symbol: class XmlRootElement
[ERROR] /home/tw/IdeaProjects/jakartaee-petclinic/src/main/java/org/woehlke/jakartaee/petclinic/oodm/entities/Visit.java:[58,2] cannot find symbol
[ERROR]   symbol: class XmlType
[ERROR] /home/tw/IdeaProjects/jakartaee-petclinic/src/main/java/org/woehlke/jakartaee/petclinic/oodm/entities/Visit.java:[65,2] cannot find symbol
[ERROR]   symbol: class XmlAccessorType
[ERROR] /home/tw/IdeaProjects/jakartaee-petclinic/src/main/java/org/woehlke/jakartaee/petclinic/oodm/entities/Pet.java:[56,2] cannot find symbol
[ERROR]   symbol: class XmlRootElement
[ERROR] /home/tw/IdeaProjects/jakartaee-petclinic/src/main/java/org/woehlke/jakartaee/petclinic/oodm/entities/Pet.java:[59,2] cannot find symbol
[ERROR]   symbol: class XmlType
[ERROR] /home/tw/IdeaProjects/jakartaee-petclinic/src/main/java/org/woehlke/jakartaee/petclinic/oodm/entities/Pet.java:[66,2] cannot find symbol
[ERROR]   symbol: class XmlAccessorType
[ERROR] /home/tw/IdeaProjects/jakartaee-petclinic/src/main/java/org/woehlke/jakartaee/petclinic/oodm/entities/Owner.java:[57,2] cannot find symbol
[ERROR]   symbol: class XmlRootElement
[ERROR] /home/tw/IdeaProjects/jakartaee-petclinic/src/main/java/org/woehlke/jakartaee/petclinic/oodm/entities/Owner.java:[60,2] cannot find symbol
[ERROR]   symbol: class XmlType
[ERROR] /home/tw/IdeaProjects/jakartaee-petclinic/src/main/java/org/woehlke/jakartaee/petclinic/oodm/entities/Owner.java:[68,2] cannot find symbol
[ERROR]   symbol: class XmlAccessorType
[ERROR] /home/tw/IdeaProjects/jakartaee-petclinic/src/main/java/org/woehlke/jakartaee/petclinic/oodm/entities/Visit.java:[12,1] package javax.xml.bind.annotation does not exist
[ERROR] /home/tw/IdeaProjects/jakartaee-petclinic/src/main/java/org/woehlke/jakartaee/petclinic/oodm/entities/Pet.java:[13,1] package javax.xml.bind.annotation does not exist
[ERROR] /home/tw/IdeaProjects/jakartaee-petclinic/src/main/java/org/woehlke/jakartaee/petclinic/oodm/entities/Owner.java:[14,1] package javax.xml.bind.annotation does not exist
[ERROR] /home/tw/IdeaProjects/jakartaee-petclinic/src/main/java/org/woehlke/jakartaee/petclinic/oodm/entities/Specialty.java:[53,2] cannot find symbol
[ERROR]   symbol: class XmlRootElement
[ERROR] /home/tw/IdeaProjects/jakartaee-petclinic/src/main/java/org/woehlke/jakartaee/petclinic/oodm/entities/Specialty.java:[54,2] cannot find symbol
[ERROR]   symbol: class XmlType
[ERROR] /home/tw/IdeaProjects/jakartaee-petclinic/src/main/java/org/woehlke/jakartaee/petclinic/oodm/entities/Specialty.java:[61,2] cannot find symbol
[ERROR]   symbol: class XmlAccessorType
[ERROR] /home/tw/IdeaProjects/jakartaee-petclinic/src/main/java/org/woehlke/jakartaee/petclinic/oodm/entities/Specialty.java:[13,1] package javax.xml.bind.annotation does not exist
[ERROR] /home/tw/IdeaProjects/jakartaee-petclinic/src/main/java/org/woehlke/jakartaee/petclinic/oodm/entities/model/SpecialtyList.java:[19,2] cannot find symbol
[ERROR]   symbol: class XmlRootElement
[ERROR] /home/tw/IdeaProjects/jakartaee-petclinic/src/main/java/org/woehlke/jakartaee/petclinic/oodm/entities/model/SpecialtyList.java:[22,2] cannot find symbol
[ERROR]   symbol: class XmlType
[ERROR] /home/tw/IdeaProjects/jakartaee-petclinic/src/main/java/org/woehlke/jakartaee/petclinic/oodm/entities/model/SpecialtyList.java:[29,2] cannot find symbol
[ERROR]   symbol: class XmlAccessorType
[ERROR] /home/tw/IdeaProjects/jakartaee-petclinic/src/main/java/org/woehlke/jakartaee/petclinic/oodm/entities/model/SpecialtyList.java:[7,1] package javax.xml.bind.annotation does not exist
[ERROR] /home/tw/IdeaProjects/jakartaee-petclinic/src/main/java/org/woehlke/jakartaee/petclinic/oodm/entities/Vet.java:[57,2] cannot find symbol
[ERROR]   symbol: class XmlRootElement
[ERROR] /home/tw/IdeaProjects/jakartaee-petclinic/src/main/java/org/woehlke/jakartaee/petclinic/oodm/entities/Vet.java:[60,2] cannot find symbol
[ERROR]   symbol: class XmlType
[ERROR] /home/tw/IdeaProjects/jakartaee-petclinic/src/main/java/org/woehlke/jakartaee/petclinic/oodm/entities/Vet.java:[67,2] cannot find symbol
[ERROR]   symbol: class XmlAccessorType
[ERROR] /home/tw/IdeaProjects/jakartaee-petclinic/src/main/java/org/woehlke/jakartaee/petclinic/oodm/entities/Vet.java:[14,1] package javax.xml.bind.annotation does not exist
[ERROR] /home/tw/IdeaProjects/jakartaee-petclinic/src/main/java/org/woehlke/jakartaee/petclinic/oodm/entities/model/PetTypeList.java:[17,2] cannot find symbol
[ERROR]   symbol: class XmlRootElement
[ERROR] /home/tw/IdeaProjects/jakartaee-petclinic/src/main/java/org/woehlke/jakartaee/petclinic/oodm/entities/model/PetTypeList.java:[20,2] cannot find symbol
[ERROR]   symbol: class XmlType
[ERROR] /home/tw/IdeaProjects/jakartaee-petclinic/src/main/java/org/woehlke/jakartaee/petclinic/oodm/entities/model/PetTypeList.java:[27,2] cannot find symbol
[ERROR]   symbol: class XmlAccessorType
[ERROR] /home/tw/IdeaProjects/jakartaee-petclinic/src/main/java/org/woehlke/jakartaee/petclinic/oodm/entities/model/PetTypeList.java:[6,1] package javax.xml.bind.annotation does not exist
[ERROR] /home/tw/IdeaProjects/jakartaee-petclinic/src/main/java/org/woehlke/jakartaee/petclinic/oodm/entities/model/VetList.java:[25,2] cannot find symbol
[ERROR]   symbol: class XmlRootElement
[ERROR] /home/tw/IdeaProjects/jakartaee-petclinic/src/main/java/org/woehlke/jakartaee/petclinic/oodm/entities/model/VetList.java:[26,2] cannot find symbol
[ERROR]   symbol: class XmlType
[ERROR] /home/tw/IdeaProjects/jakartaee-petclinic/src/main/java/org/woehlke/jakartaee/petclinic/oodm/entities/model/VetList.java:[33,2] cannot find symbol
[ERROR]   symbol: class XmlAccessorType
[ERROR] /home/tw/IdeaProjects/jakartaee-petclinic/src/main/java/org/woehlke/jakartaee/petclinic/oodm/entities/model/VetList.java:[7,1] package javax.xml.bind.annotation does not exist
[ERROR] /home/tw/IdeaProjects/jakartaee-petclinic/src/main/java/org/woehlke/jakartaee/petclinic/oodm/entities/model/VisitList.java:[17,2] cannot find symbol
[ERROR]   symbol: class XmlRootElement
[ERROR] /home/tw/IdeaProjects/jakartaee-petclinic/src/main/java/org/woehlke/jakartaee/petclinic/oodm/entities/model/VisitList.java:[20,2] cannot find symbol
[ERROR]   symbol: class XmlType
[ERROR] /home/tw/IdeaProjects/jakartaee-petclinic/src/main/java/org/woehlke/jakartaee/petclinic/oodm/entities/model/VisitList.java:[27,2] cannot find symbol
[ERROR]   symbol: class XmlAccessorType
[ERROR] /home/tw/IdeaProjects/jakartaee-petclinic/src/main/java/org/woehlke/jakartaee/petclinic/oodm/entities/model/VisitList.java:[6,1] package javax.xml.bind.annotation does not exist
[ERROR] /home/tw/IdeaProjects/jakartaee-petclinic/src/main/java/org/woehlke/jakartaee/petclinic/oodm/entities/model/OwnerList.java:[16,2] cannot find symbol
[ERROR]   symbol: class XmlRootElement
[ERROR] /home/tw/IdeaProjects/jakartaee-petclinic/src/main/java/org/woehlke/jakartaee/petclinic/oodm/entities/model/OwnerList.java:[19,2] cannot find symbol
[ERROR]   symbol: class XmlType
[ERROR] /home/tw/IdeaProjects/jakartaee-petclinic/src/main/java/org/woehlke/jakartaee/petclinic/oodm/entities/model/OwnerList.java:[26,2] cannot find symbol
[ERROR]   symbol: class XmlAccessorType
[ERROR] /home/tw/IdeaProjects/jakartaee-petclinic/src/main/java/org/woehlke/jakartaee/petclinic/oodm/entities/model/OwnerList.java:[6,1] package javax.xml.bind.annotation does not exist
[ERROR] /home/tw/IdeaProjects/jakartaee-petclinic/src/main/java/org/woehlke/jakartaee/petclinic/oodm/entities/model/PetList.java:[18,2] cannot find symbol
[ERROR]   symbol: class XmlRootElement
[ERROR] /home/tw/IdeaProjects/jakartaee-petclinic/src/main/java/org/woehlke/jakartaee/petclinic/oodm/entities/model/PetList.java:[21,2] cannot find symbol
[ERROR]   symbol: class XmlType
[ERROR] /home/tw/IdeaProjects/jakartaee-petclinic/src/main/java/org/woehlke/jakartaee/petclinic/oodm/entities/model/PetList.java:[28,2] cannot find symbol
[ERROR]   symbol: class XmlAccessorType
[ERROR] /home/tw/IdeaProjects/jakartaee-petclinic/src/main/java/org/woehlke/jakartaee/petclinic/oodm/entities/model/PetList.java:[7,1] package javax.xml.bind.annotation does not exist
[ERROR] /home/tw/IdeaProjects/jakartaee-petclinic/src/main/java/org/woehlke/jakartaee/petclinic/oodm/entities/PetType.java:[63,18] cannot find symbol
[ERROR]   symbol: variable XmlAccessType
[ERROR] /home/tw/IdeaProjects/jakartaee-petclinic/src/main/java/org/woehlke/jakartaee/petclinic/oodm/entities/PetType.java:[73,4] cannot find symbol
[ERROR]   symbol:   class XmlElement
[ERROR]   location: class org.woehlke.jakartaee.petclinic.oodm.entities.PetType
[ERROR] /home/tw/IdeaProjects/jakartaee-petclinic/src/main/java/org/woehlke/jakartaee/petclinic/oodm/entities/PetType.java:[77,4] cannot find symbol
[ERROR]   symbol:   class XmlElement
[ERROR]   location: class org.woehlke.jakartaee.petclinic.oodm.entities.PetType
[ERROR] /home/tw/IdeaProjects/jakartaee-petclinic/src/main/java/org/woehlke/jakartaee/petclinic/oodm/entities/PetType.java:[87,4] cannot find symbol
[ERROR]   symbol:   class XmlElement
[ERROR]   location: class org.woehlke.jakartaee.petclinic.oodm.entities.PetType
[ERROR] /home/tw/IdeaProjects/jakartaee-petclinic/src/main/java/org/woehlke/jakartaee/petclinic/oodm/entities/Visit.java:[65,18] cannot find symbol
[ERROR]   symbol: variable XmlAccessType
[ERROR] /home/tw/IdeaProjects/jakartaee-petclinic/src/main/java/org/woehlke/jakartaee/petclinic/oodm/entities/Visit.java:[77,4] cannot find symbol
[ERROR]   symbol:   class XmlElement
[ERROR]   location: class org.woehlke.jakartaee.petclinic.oodm.entities.Visit
[ERROR] /home/tw/IdeaProjects/jakartaee-petclinic/src/main/java/org/woehlke/jakartaee/petclinic/oodm/entities/Visit.java:[83,4] cannot find symbol
[ERROR]   symbol:   class XmlElement
[ERROR]   location: class org.woehlke.jakartaee.petclinic.oodm.entities.Visit
[ERROR] /home/tw/IdeaProjects/jakartaee-petclinic/src/main/java/org/woehlke/jakartaee/petclinic/oodm/entities/Visit.java:[87,4] cannot find symbol
[ERROR]   symbol:   class XmlElement
[ERROR]   location: class org.woehlke.jakartaee.petclinic.oodm.entities.Visit
[ERROR] /home/tw/IdeaProjects/jakartaee-petclinic/src/main/java/org/woehlke/jakartaee/petclinic/oodm/entities/Visit.java:[97,4] cannot find symbol
[ERROR]   symbol:   class XmlElement
[ERROR]   location: class org.woehlke.jakartaee.petclinic.oodm.entities.Visit
[ERROR] /home/tw/IdeaProjects/jakartaee-petclinic/src/main/java/org/woehlke/jakartaee/petclinic/oodm/entities/Pet.java:[66,18] cannot find symbol
[ERROR]   symbol: variable XmlAccessType
[ERROR] /home/tw/IdeaProjects/jakartaee-petclinic/src/main/java/org/woehlke/jakartaee/petclinic/oodm/entities/Visit.java:[106,4] cannot find symbol
[ERROR]   symbol:   class XmlTransient
[ERROR]   location: class org.woehlke.jakartaee.petclinic.oodm.entities.Visit
[ERROR] /home/tw/IdeaProjects/jakartaee-petclinic/src/main/java/org/woehlke/jakartaee/petclinic/oodm/entities/Pet.java:[79,4] cannot find symbol
[ERROR]   symbol:   class XmlElement
[ERROR]   location: class org.woehlke.jakartaee.petclinic.oodm.entities.Pet
[ERROR] /home/tw/IdeaProjects/jakartaee-petclinic/src/main/java/org/woehlke/jakartaee/petclinic/oodm/entities/Pet.java:[85,4] cannot find symbol
[ERROR]   symbol:   class XmlElement
[ERROR]   location: class org.woehlke.jakartaee.petclinic.oodm.entities.Pet
[ERROR] /home/tw/IdeaProjects/jakartaee-petclinic/src/main/java/org/woehlke/jakartaee/petclinic/oodm/entities/Pet.java:[89,4] cannot find symbol
[ERROR]   symbol:   class XmlElement
[ERROR]   location: class org.woehlke.jakartaee.petclinic.oodm.entities.Pet
[ERROR] /home/tw/IdeaProjects/jakartaee-petclinic/src/main/java/org/woehlke/jakartaee/petclinic/oodm/entities/Pet.java:[100,4] cannot find symbol
[ERROR]   symbol:   class XmlElement
[ERROR]   location: class org.woehlke.jakartaee.petclinic.oodm.entities.Pet
[ERROR] /home/tw/IdeaProjects/jakartaee-petclinic/src/main/java/org/woehlke/jakartaee/petclinic/oodm/entities/Pet.java:[111,4] cannot find symbol
[ERROR]   symbol:   class XmlElement
[ERROR]   location: class org.woehlke.jakartaee.petclinic.oodm.entities.Pet
[ERROR] /home/tw/IdeaProjects/jakartaee-petclinic/src/main/java/org/woehlke/jakartaee/petclinic/oodm/entities/Owner.java:[68,18] cannot find symbol
[ERROR]   symbol: variable XmlAccessType
[ERROR] /home/tw/IdeaProjects/jakartaee-petclinic/src/main/java/org/woehlke/jakartaee/petclinic/oodm/entities/Pet.java:[117,4] cannot find symbol
[ERROR]   symbol:   class XmlTransient
[ERROR]   location: class org.woehlke.jakartaee.petclinic.oodm.entities.Pet
[ERROR] /home/tw/IdeaProjects/jakartaee-petclinic/src/main/java/org/woehlke/jakartaee/petclinic/oodm/entities/Pet.java:[123,4] cannot find symbol
[ERROR]   symbol:   class XmlElementWrapper
[ERROR]   location: class org.woehlke.jakartaee.petclinic.oodm.entities.Pet
[ERROR] /home/tw/IdeaProjects/jakartaee-petclinic/src/main/java/org/woehlke/jakartaee/petclinic/oodm/entities/Pet.java:[124,4] cannot find symbol
[ERROR]   symbol:   class XmlElement
[ERROR]   location: class org.woehlke.jakartaee.petclinic.oodm.entities.Pet
[ERROR] /home/tw/IdeaProjects/jakartaee-petclinic/src/main/java/org/woehlke/jakartaee/petclinic/oodm/entities/Owner.java:[85,4] cannot find symbol
[ERROR]   symbol:   class XmlElement
[ERROR]   location: class org.woehlke.jakartaee.petclinic.oodm.entities.Owner
[ERROR] /home/tw/IdeaProjects/jakartaee-petclinic/src/main/java/org/woehlke/jakartaee/petclinic/oodm/entities/Owner.java:[89,4] cannot find symbol
[ERROR]   symbol:   class XmlElement
[ERROR]   location: class org.woehlke.jakartaee.petclinic.oodm.entities.Owner
[ERROR] /home/tw/IdeaProjects/jakartaee-petclinic/src/main/java/org/woehlke/jakartaee/petclinic/oodm/entities/Owner.java:[98,4] cannot find symbol
[ERROR]   symbol:   class XmlElement
[ERROR]   location: class org.woehlke.jakartaee.petclinic.oodm.entities.Owner
[ERROR] /home/tw/IdeaProjects/jakartaee-petclinic/src/main/java/org/woehlke/jakartaee/petclinic/oodm/entities/Owner.java:[108,4] cannot find symbol
[ERROR]   symbol:   class XmlElement
[ERROR]   location: class org.woehlke.jakartaee.petclinic.oodm.entities.Owner
[ERROR] /home/tw/IdeaProjects/jakartaee-petclinic/src/main/java/org/woehlke/jakartaee/petclinic/oodm/entities/Owner.java:[118,4] cannot find symbol
[ERROR]   symbol:   class XmlElement
[ERROR]   location: class org.woehlke.jakartaee.petclinic.oodm.entities.Owner
[ERROR] /home/tw/IdeaProjects/jakartaee-petclinic/src/main/java/org/woehlke/jakartaee/petclinic/oodm/entities/Owner.java:[128,4] cannot find symbol
[ERROR]   symbol:   class XmlElement
[ERROR]   location: class org.woehlke.jakartaee.petclinic.oodm.entities.Owner
[ERROR] /home/tw/IdeaProjects/jakartaee-petclinic/src/main/java/org/woehlke/jakartaee/petclinic/oodm/entities/Owner.java:[138,4] cannot find symbol
[ERROR]   symbol:   class XmlElement
[ERROR]   location: class org.woehlke.jakartaee.petclinic.oodm.entities.Owner
[ERROR] /home/tw/IdeaProjects/jakartaee-petclinic/src/main/java/org/woehlke/jakartaee/petclinic/oodm/entities/Owner.java:[148,4] cannot find symbol
[ERROR]   symbol:   class XmlElement
[ERROR]   location: class org.woehlke.jakartaee.petclinic.oodm.entities.Owner
[ERROR] /home/tw/IdeaProjects/jakartaee-petclinic/src/main/java/org/woehlke/jakartaee/petclinic/oodm/entities/Owner.java:[158,4] cannot find symbol
[ERROR]   symbol:   class XmlElement
[ERROR]   location: class org.woehlke.jakartaee.petclinic.oodm.entities.Owner
[ERROR] /home/tw/IdeaProjects/jakartaee-petclinic/src/main/java/org/woehlke/jakartaee/petclinic/oodm/entities/Owner.java:[170,4] cannot find symbol
[ERROR]   symbol:   class XmlElement
[ERROR]   location: class org.woehlke.jakartaee.petclinic.oodm.entities.Owner
[ERROR] /home/tw/IdeaProjects/jakartaee-petclinic/src/main/java/org/woehlke/jakartaee/petclinic/oodm/entities/Owner.java:[178,4] cannot find symbol
[ERROR]   symbol:   class XmlElementWrapper
[ERROR]   location: class org.woehlke.jakartaee.petclinic.oodm.entities.Owner
[ERROR] /home/tw/IdeaProjects/jakartaee-petclinic/src/main/java/org/woehlke/jakartaee/petclinic/oodm/entities/Owner.java:[179,4] cannot find symbol
[ERROR]   symbol:   class XmlElement
[ERROR]   location: class org.woehlke.jakartaee.petclinic.oodm.entities.Owner
[ERROR] /home/tw/IdeaProjects/jakartaee-petclinic/src/main/java/org/woehlke/jakartaee/petclinic/oodm/entities/Specialty.java:[61,18] cannot find symbol
[ERROR]   symbol: variable XmlAccessType
[ERROR] /home/tw/IdeaProjects/jakartaee-petclinic/src/main/java/org/woehlke/jakartaee/petclinic/oodm/entities/Specialty.java:[71,4] cannot find symbol
[ERROR]   symbol:   class XmlElement
[ERROR]   location: class org.woehlke.jakartaee.petclinic.oodm.entities.Specialty
[ERROR] /home/tw/IdeaProjects/jakartaee-petclinic/src/main/java/org/woehlke/jakartaee/petclinic/oodm/entities/Specialty.java:[75,4] cannot find symbol
[ERROR]   symbol:   class XmlElement
[ERROR]   location: class org.woehlke.jakartaee.petclinic.oodm.entities.Specialty
[ERROR] /home/tw/IdeaProjects/jakartaee-petclinic/src/main/java/org/woehlke/jakartaee/petclinic/oodm/entities/Specialty.java:[85,4] cannot find symbol
[ERROR]   symbol:   class XmlElement
[ERROR]   location: class org.woehlke.jakartaee.petclinic.oodm.entities.Specialty
[ERROR] /home/tw/IdeaProjects/jakartaee-petclinic/src/main/java/org/woehlke/jakartaee/petclinic/oodm/entities/model/SpecialtyList.java:[29,18] cannot find symbol
[ERROR]   symbol: variable XmlAccessType
[ERROR] /home/tw/IdeaProjects/jakartaee-petclinic/src/main/java/org/woehlke/jakartaee/petclinic/oodm/entities/model/SpecialtyList.java:[34,4] cannot find symbol
[ERROR]   symbol:   class XmlElement
[ERROR]   location: class org.woehlke.jakartaee.petclinic.oodm.entities.model.SpecialtyList
[ERROR] /home/tw/IdeaProjects/jakartaee-petclinic/src/main/java/org/woehlke/jakartaee/petclinic/oodm/entities/Vet.java:[67,18] cannot find symbol
[ERROR]   symbol: variable XmlAccessType
[ERROR] /home/tw/IdeaProjects/jakartaee-petclinic/src/main/java/org/woehlke/jakartaee/petclinic/oodm/entities/Vet.java:[83,4] cannot find symbol
[ERROR]   symbol:   class XmlElement
[ERROR]   location: class org.woehlke.jakartaee.petclinic.oodm.entities.Vet
[ERROR] /home/tw/IdeaProjects/jakartaee-petclinic/src/main/java/org/woehlke/jakartaee/petclinic/oodm/entities/Vet.java:[87,4] cannot find symbol
[ERROR]   symbol:   class XmlElement
[ERROR]   location: class org.woehlke.jakartaee.petclinic.oodm.entities.Vet
[ERROR] /home/tw/IdeaProjects/jakartaee-petclinic/src/main/java/org/woehlke/jakartaee/petclinic/oodm/entities/Vet.java:[97,4] cannot find symbol
[ERROR]   symbol:   class XmlElement
[ERROR]   location: class org.woehlke.jakartaee.petclinic.oodm.entities.Vet
[ERROR] /home/tw/IdeaProjects/jakartaee-petclinic/src/main/java/org/woehlke/jakartaee/petclinic/oodm/entities/Vet.java:[107,4] cannot find symbol
[ERROR]   symbol:   class XmlElement
[ERROR]   location: class org.woehlke.jakartaee.petclinic.oodm.entities.Vet
[ERROR] /home/tw/IdeaProjects/jakartaee-petclinic/src/main/java/org/woehlke/jakartaee/petclinic/oodm/entities/Vet.java:[117,4] cannot find symbol
[ERROR]   symbol:   class XmlElementWrapper
[ERROR]   location: class org.woehlke.jakartaee.petclinic.oodm.entities.Vet
[ERROR] /home/tw/IdeaProjects/jakartaee-petclinic/src/main/java/org/woehlke/jakartaee/petclinic/oodm/entities/Vet.java:[118,4] cannot find symbol
[ERROR]   symbol:   class XmlElement
[ERROR]   location: class org.woehlke.jakartaee.petclinic.oodm.entities.Vet
[ERROR] /home/tw/IdeaProjects/jakartaee-petclinic/src/main/java/org/woehlke/jakartaee/petclinic/oodm/entities/model/PetTypeList.java:[27,18] cannot find symbol
[ERROR]   symbol: variable XmlAccessType
[ERROR] /home/tw/IdeaProjects/jakartaee-petclinic/src/main/java/org/woehlke/jakartaee/petclinic/oodm/entities/model/PetTypeList.java:[32,4] cannot find symbol
[ERROR]   symbol:   class XmlElement
[ERROR]   location: class org.woehlke.jakartaee.petclinic.oodm.entities.model.PetTypeList
[ERROR] /home/tw/IdeaProjects/jakartaee-petclinic/src/main/java/org/woehlke/jakartaee/petclinic/oodm/entities/model/VetList.java:[33,18] cannot find symbol
[ERROR]   symbol: variable XmlAccessType
[ERROR] /home/tw/IdeaProjects/jakartaee-petclinic/src/main/java/org/woehlke/jakartaee/petclinic/oodm/entities/model/VetList.java:[38,4] cannot find symbol
[ERROR]   symbol:   class XmlElement
[ERROR]   location: class org.woehlke.jakartaee.petclinic.oodm.entities.model.VetList
[ERROR] /home/tw/IdeaProjects/jakartaee-petclinic/src/main/java/org/woehlke/jakartaee/petclinic/oodm/entities/model/VisitList.java:[27,18] cannot find symbol
[ERROR]   symbol: variable XmlAccessType
[ERROR] /home/tw/IdeaProjects/jakartaee-petclinic/src/main/java/org/woehlke/jakartaee/petclinic/oodm/entities/model/VisitList.java:[32,4] cannot find symbol
[ERROR]   symbol:   class XmlElement
[ERROR]   location: class org.woehlke.jakartaee.petclinic.oodm.entities.model.VisitList
[ERROR] /home/tw/IdeaProjects/jakartaee-petclinic/src/main/java/org/woehlke/jakartaee/petclinic/oodm/entities/model/OwnerList.java:[26,18] cannot find symbol
[ERROR]   symbol: variable XmlAccessType
[ERROR] -> [Help 1]
[ERROR] 
[ERROR] To see the full stack trace of the errors, re-run Maven with the -e switch.
[ERROR] Re-run Maven using the -X switch to enable full debug logging.
[ERROR] 
[ERROR] For more information about the errors and possible solutions, please read the following articles:
[ERROR] [Help 1] http://cwiki.apache.org/confluence/display/MAVEN/MojoFailureException
